c:\users\tomer\documents\visual studio 2013\projects\chessproject\chessproject\debug\vc120.pdb
c:\users\tomer\documents\visual studio 2013\projects\chessproject\chessproject\debug\vc120.idb
c:\users\tomer\documents\visual studio 2013\projects\chessproject\chessproject\debug\chesslogic.obj
c:\users\tomer\documents\visual studio 2013\projects\chessproject\chessproject\debug\gameflow.obj
c:\users\tomer\documents\visual studio 2013\projects\chessproject\chessproject\debug\gui.obj
c:\users\tomer\documents\visual studio 2013\projects\chessproject\chessproject\debug\main.obj
c:\users\tomer\documents\visual studio 2013\projects\chessproject\chessproject\debug\minimax.obj
c:\users\evgenya\documents\visual studio 2013\projects\chessprojectgit\chessproject\debug\vc120.pdb
c:\users\evgenya\documents\visual studio 2013\projects\chessprojectgit\chessproject\debug\vc120.idb
c:\users\evgenya\documents\visual studio 2013\projects\chessprojectgit\chessproject\debug\chesslogic.obj
c:\users\evgenya\documents\visual studio 2013\projects\chessprojectgit\chessproject\debug\minimax.obj
c:\users\evgenya\documents\visual studio 2013\projects\chessprojectgit\chessproject\debug\gameflow.obj
c:\users\evgenya\documents\visual studio 2013\projects\chessprojectgit\chessproject\debug\gui.obj
c:\users\evgenya\documents\visual studio 2013\projects\chessprojectgit\chessproject\debug\main.obj
c:\users\tomer\source\repos\chessproject\debug\vc120.pdb
c:\users\tomer\source\repos\chessproject\debug\vc120.idb
c:\users\tomer\source\repos\chessproject\debug\minimax.obj
c:\users\tomer\documents\visual studio 2013\projects\chessproject\debug\chessproject.ilk
c:\users\tomer\documents\visual studio 2013\projects\chessproject\debug\chessproject.exe
c:\users\tomer\documents\visual studio 2013\projects\chessproject\debug\chessproject.pdb
c:\users\evgenya\documents\visual studio 2013\projects\chessprojectgit\chessproject\debug\chessproject.ilk
c:\users\evgenya\documents\visual studio 2013\projects\chessprojectgit\chessproject\debug\chessproject.exe
c:\users\evgenya\documents\visual studio 2013\projects\chessprojectgit\chessproject\debug\chessproject.pdb
c:\users\tomer\source\repos\chessproject\debug\chesslogic.obj
c:\users\tomer\source\repos\chessproject\debug\gameflow.obj
c:\users\tomer\source\repos\chessproject\debug\gui.obj
c:\users\tomer\source\repos\chessproject\debug\main.obj
c:\users\tomer\source\repos\chessproject\debug\chessproject.ilk
c:\users\tomer\source\repos\chessproject\debug\chessproject.pdb
c:\users\tomer\source\repos\chessproject\debug\chessproject.exe
c:\users\tomer\source\repos\chessproject\debug\chessproject.tlog\cl.command.1.tlog
c:\users\tomer\source\repos\chessproject\debug\chessproject.tlog\cl.read.1.tlog
c:\users\tomer\source\repos\chessproject\debug\chessproject.tlog\cl.write.1.tlog
c:\users\tomer\source\repos\chessproject\debug\chessproject.tlog\link.command.1.tlog
c:\users\tomer\source\repos\chessproject\debug\chessproject.tlog\link.read.1.tlog
c:\users\tomer\source\repos\chessproject\debug\chessproject.tlog\link.write.1.tlog
